SF:lib/features/home/presentation/bloc/categoryDetail/bloc/category_detail_bloc_event.dart
DA:4,1
DA:6,0
DA:7,0
DA:12,1
DA:16,0
DA:17,0
LF:6
LH:2
end_of_record
SF:lib/features/home/presentation/bloc/categoryDetail/bloc/category_detail_bloc_state.dart
DA:4,1
DA:6,0
DA:7,0
DA:13,1
DA:14,1
DA:19,0
DA:23,0
DA:24,0
DA:29,0
DA:31,0
DA:32,0
LF:11
LH:3
end_of_record
SF:lib/features/home/presentation/bloc/categoryDetail/bloc/category_detail_bloc_bloc.dart
DA:13,3
DA:14,2
DA:15,2
DA:17,2
DA:18,0
DA:19,0
DA:20,0
LF:7
LH:4
end_of_record
SF:lib/features/home/domain/entities/product_entity.dart
DA:12,1
DA:22,0
DA:24,0
DA:31,1
DA:36,0
DA:37,0
LF:6
LH:2
end_of_record
SF:lib/features/home/domain/usecases/get_product_by_category_usecase.dart
DA:9,0
DA:11,0
LF:2
LH:0
end_of_record
SF:lib/service_locator.dart
DA:13,9
DA:15,0
DA:17,0
DA:18,0
DA:22,0
DA:23,0
DA:24,0
DA:25,0
DA:26,0
DA:29,0
DA:30,0
DA:34,0
DA:37,0
LF:13
LH:1
end_of_record
SF:lib/core/network/dio_client.dart
DA:8,0
DA:9,0
DA:10,0
DA:12,0
DA:16,0
DA:19,0
DA:27,0
DA:35,0
DA:41,0
DA:50,0
DA:64,0
DA:74,0
DA:90,0
DA:98,0
DA:105,0
LF:15
LH:0
end_of_record
SF:lib/core/network/log_intercepters.dart
DA:9,0
DA:11,0
DA:12,0
DA:13,0
DA:14,0
DA:15,0
DA:16,0
DA:19,0
DA:21,0
DA:22,0
DA:23,0
DA:26,0
DA:28,0
DA:29,0
DA:30,0
DA:31,0
DA:32,0
LF:17
LH:0
end_of_record
SF:lib/features/home/data/datasources/api_dataSource/api_data_source.dart
DA:18,0
DA:21,0
DA:22,0
DA:23,0
DA:24,0
DA:25,0
DA:26,0
DA:30,0
DA:33,0
DA:34,0
DA:35,0
DA:36,0
DA:38,0
DA:39,0
DA:40,0
DA:44,0
DA:47,0
DA:48,0
DA:49,0
DA:50,0
DA:54,0
DA:59,0
DA:60,0
DA:61,0
DA:62,0
DA:63,0
DA:64,0
LF:27
LH:0
end_of_record
SF:lib/features/home/data/models/category_model.dart
DA:6,0
DA:8,0
DA:9,0
DA:10,0
LF:4
LH:0
end_of_record
SF:lib/features/home/data/models/product_model.dart
DA:4,0
DA:14,0
DA:15,0
DA:16,0
DA:17,0
DA:18,0
DA:19,0
DA:20,0
DA:21,0
DA:22,0
DA:23,0
DA:24,0
DA:30,0
DA:31,0
DA:32,0
DA:33,0
DA:34,0
DA:35,0
DA:36,0
DA:37,0
DA:38,0
DA:39,0
DA:40,0
LF:23
LH:0
end_of_record
SF:lib/features/home/domain/entities/category_entity.dart
DA:5,0
LF:1
LH:0
end_of_record
SF:lib/features/home/data/repositories/product_repository_impl.dart
DA:9,0
DA:11,0
DA:14,0
DA:16,0
DA:19,0
DA:21,0
DA:24,0
DA:27,0
LF:8
LH:0
end_of_record
SF:lib/features/home/domain/usecases/get_all_category_usecase.dart
DA:10,0
DA:12,0
LF:2
LH:0
end_of_record
SF:lib/features/home/domain/usecases/get_all_product_usecase.dart
DA:9,0
DA:11,0
LF:2
LH:0
end_of_record
SF:lib/features/home/domain/usecases/get_product_usecase.dart
DA:10,0
DA:12,0
LF:2
LH:0
end_of_record
SF:lib/features/home/presentation/bloc/bottomNav/bottom_nav_state.dart
DA:4,0
DA:6,0
DA:7,0
LF:3
LH:0
end_of_record
SF:lib/features/home/presentation/bloc/bottomNav/bottom_nav_cubit.dart
DA:7,0
DA:9,0
DA:10,0
LF:3
LH:0
end_of_record
SF:lib/features/home/presentation/bloc/category/category_state.dart
DA:4,1
DA:8,0
DA:9,0
DA:13,1
DA:14,1
DA:20,0
DA:21,0
DA:23,0
DA:28,0
DA:29,0
DA:31,0
LF:11
LH:3
end_of_record
SF:lib/features/home/presentation/bloc/category/category_event.dart
DA:4,1
DA:8,0
DA:9,0
LF:3
LH:1
end_of_record
SF:lib/features/home/presentation/bloc/category/category_bloc.dart
DA:13,3
DA:14,2
DA:15,2
DA:16,2
DA:17,0
LF:5
LH:4
end_of_record
SF:lib/features/home/presentation/bloc/home_event.dart
DA:4,0
DA:6,0
DA:7,0
DA:15,0
DA:17,0
DA:18,0
LF:6
LH:0
end_of_record
SF:lib/features/home/presentation/bloc/home_state.dart
DA:4,0
DA:6,0
DA:7,0
DA:11,0
DA:12,0
DA:19,0
DA:21,0
DA:22,0
DA:27,0
DA:29,0
DA:30,0
DA:35,0
DA:37,0
DA:38,0
LF:14
LH:0
end_of_record
SF:lib/features/home/presentation/bloc/home_bloc.dart
DA:13,0
DA:14,0
DA:15,0
DA:16,0
DA:17,0
DA:18,0
DA:19,0
DA:22,0
DA:23,0
DA:24,0
DA:25,0
DA:26,0
DA:27,0
DA:28,0
DA:29,0
DA:30,0
DA:32,0
LF:17
LH:0
end_of_record
SF:lib/features/home/presentation/pages/home.dart
DA:9,0
DA:10,0
DA:11,0
DA:16,0
DA:18,0
DA:20,0
DA:21,0
DA:22,0
DA:24,0
DA:38,0
DA:39,0
DA:40,0
DA:47,5
DA:49,0
DA:51,0
DA:52,0
DA:53,0
DA:54,0
DA:56,0
DA:57,0
LF:20
LH:1
end_of_record
SF:lib/features/home/presentation/pages/productPage.dart
DA:12,5
DA:14,0
DA:15,0
DA:19,0
DA:21,0
DA:22,0
DA:23,0
DA:27,0
DA:28,0
DA:30,0
DA:32,0
DA:34,0
DA:35,0
DA:36,0
DA:37,0
DA:38,0
DA:39,0
DA:41,0
DA:42,0
DA:55,0
DA:57,0
DA:60,0
DA:63,0
DA:68,0
DA:69,0
DA:70,0
DA:71,0
DA:72,0
DA:74,0
DA:75,0
DA:77,0
DA:78,0
DA:80,0
DA:81,0
DA:82,0
DA:86,0
DA:90,0
DA:91,0
DA:92,0
DA:98,0
DA:99,0
DA:100,0
DA:110,0
DA:111,0
DA:112,0
DA:116,0
DA:117,0
DA:118,0
DA:126,0
DA:127,0
DA:128,0
DA:130,0
DA:131,0
DA:132,0
DA:138,0
DA:139,0
DA:140,0
DA:141,0
DA:142,0
DA:143,0
DA:144,0
DA:145,0
DA:146,0
DA:147,0
DA:155,0
DA:156,0
DA:157,0
DA:166,0
LF:68
LH:1
end_of_record
SF:lib/features/home/presentation/widgets/bottom_navigation_bar.dart
DA:7,5
DA:11,0
DA:13,0
DA:14,0
DA:15,0
DA:16,0
DA:18,0
DA:19,0
LF:8
LH:1
end_of_record
SF:lib/features/home/presentation/widgets/category_loading.dart
DA:5,5
DA:7,0
DA:9,0
DA:12,0
DA:14,0
DA:15,0
DA:19,0
DA:20,0
LF:8
LH:1
end_of_record
SF:lib/features/home/presentation/widgets/product_card.dart
DA:8,0
DA:12,0
DA:14,0
DA:16,0
DA:17,0
DA:18,0
DA:19,0
DA:20,0
DA:24,0
DA:25,0
DA:27,0
DA:30,0
DA:31,0
DA:32,0
DA:35,0
DA:36,0
LF:16
LH:0
end_of_record
SF:lib/features/home/presentation/bloc/productDetail/product_detail_state.dart
DA:4,1
DA:8,0
DA:9,0
DA:12,1
DA:13,1
DA:19,0
DA:20,0
DA:22,0
DA:26,0
DA:27,0
DA:29,0
LF:11
LH:3
end_of_record
SF:lib/features/home/presentation/bloc/productDetail/product_detail_event.dart
DA:4,1
DA:9,0
DA:10,0
DA:12,1
LF:4
LH:2
end_of_record
SF:lib/features/home/presentation/bloc/productDetail/product_detail_bloc.dart
DA:13,3
DA:14,2
DA:15,2
DA:16,2
DA:17,0
LF:5
LH:4
end_of_record
SF:lib/features/home/presentation/pages/category_detail.dart
DA:9,0
DA:12,0
DA:13,0
DA:17,0
DA:19,0
DA:20,0
DA:21,0
DA:23,0
DA:24,0
DA:25,0
DA:26,0
DA:27,0
DA:28,0
DA:32,0
DA:33,0
DA:34,0
DA:42,0
DA:43,0
DA:44,0
DA:46,0
DA:47,0
DA:48,0
LF:22
LH:0
end_of_record
