SF:lib/features/home/presentation/bloc/categoryDetail/bloc/category_detail_bloc_event.dart
DA:4,1
DA:6,0
DA:7,0
DA:12,1
DA:16,0
DA:17,0
LF:6
LH:2
end_of_record
SF:lib/features/home/presentation/bloc/categoryDetail/bloc/category_detail_bloc_state.dart
DA:4,1
DA:6,0
DA:7,0
DA:13,1
DA:14,1
DA:19,0
DA:23,0
DA:24,0
DA:29,0
DA:31,0
DA:32,0
LF:11
LH:3
end_of_record
SF:lib/features/home/presentation/bloc/categoryDetail/bloc/category_detail_bloc_bloc.dart
DA:13,3
DA:14,2
DA:15,2
DA:17,2
DA:18,0
DA:19,0
DA:20,0
LF:7
LH:4
end_of_record
SF:lib/config/theme/app_theme.dart
DA:3,6
DA:5,2
DA:9,2
DA:10,2
DA:13,3
DA:17,1
DA:18,1
LF:7
LH:7
end_of_record
SF:lib/features/setting/presentation/bloc/setting_state.dart
DA:7,2
DA:12,1
DA:13,1
DA:14,0
DA:15,0
DA:18,1
DA:19,3
LF:7
LH:5
end_of_record
SF:lib/features/setting/presentation/bloc/setting_bloc.dart
DA:11,2
DA:12,4
DA:13,2
DA:16,3
DA:17,1
DA:18,5
DA:20,5
LF:7
LH:7
end_of_record
SF:lib/features/setting/presentation/bloc/setting_event.dart
DA:4,1
DA:6,0
DA:7,0
DA:12,1
DA:16,0
DA:17,0
LF:6
LH:2
end_of_record
SF:lib/config/route/app_route.dart
DA:9,1
DA:10,1
DA:11,1
DA:12,1
DA:13,1
DA:14,2
DA:16,1
DA:17,0
DA:18,0
DA:22,1
DA:23,0
DA:24,0
DA:25,1
DA:26,3
DA:28,0
DA:29,0
LF:16
LH:10
end_of_record
SF:lib/features/home/presentation/pages/category_detail.dart
DA:9,0
DA:12,0
DA:13,0
DA:17,0
DA:19,0
DA:20,0
DA:21,0
DA:23,0
DA:24,0
DA:25,0
DA:26,0
DA:27,0
DA:28,0
DA:32,0
DA:33,0
DA:34,0
DA:42,0
DA:43,0
DA:44,0
DA:46,0
DA:47,0
DA:48,0
LF:22
LH:0
end_of_record
SF:lib/features/home/presentation/pages/product_detail.dart
DA:11,0
DA:13,0
DA:14,0
DA:18,0
DA:20,0
DA:21,0
DA:24,0
DA:25,0
DA:26,0
DA:27,0
DA:28,0
DA:29,0
DA:33,0
DA:34,0
DA:35,0
DA:37,0
DA:38,0
DA:39,0
DA:40,0
DA:41,0
DA:43,0
DA:45,0
DA:47,0
DA:50,0
DA:51,0
DA:52,0
DA:56,0
DA:57,0
DA:60,0
DA:62,0
DA:63,0
DA:64,0
DA:68,0
DA:70,0
DA:72,0
DA:74,0
DA:75,0
DA:76,0
DA:85,0
DA:86,0
DA:87,0
DA:90,0
LF:42
LH:0
end_of_record
SF:lib/features/setting/presentation/pages/setting.dart
DA:6,1
DA:8,1
DA:9,1
DA:13,1
DA:15,1
DA:16,1
DA:19,1
DA:20,1
DA:21,1
DA:22,1
DA:23,1
DA:25,1
DA:26,1
DA:27,0
DA:29,0
DA:30,0
LF:16
LH:13
end_of_record
SF:lib/features/home/presentation/pages/home.dart
DA:9,1
DA:10,1
DA:11,1
DA:16,1
DA:18,1
DA:20,1
DA:21,2
DA:22,2
DA:24,1
DA:38,2
DA:39,1
DA:40,2
DA:47,5
DA:49,1
DA:51,1
DA:52,2
DA:53,1
DA:54,1
DA:56,1
DA:57,1
LF:20
LH:20
end_of_record
SF:lib/core/network/dio_client.dart
DA:8,2
DA:9,2
DA:10,2
DA:12,2
DA:16,8
DA:19,2
DA:27,4
DA:35,1
DA:41,0
DA:50,0
DA:64,0
DA:74,0
DA:90,0
DA:98,0
DA:105,0
LF:15
LH:8
end_of_record
SF:lib/core/network/log_intercepters.dart
DA:9,1
DA:11,1
DA:12,3
DA:13,4
DA:14,4
DA:15,1
DA:16,1
DA:19,2
DA:21,6
DA:22,8
DA:23,2
DA:26,0
DA:28,0
DA:29,0
DA:30,0
DA:31,0
DA:32,0
LF:17
LH:11
end_of_record
SF:lib/core/observer/blocObserver.dart
DA:4,1
DA:6,1
DA:7,3
DA:10,1
DA:12,1
DA:13,3
DA:16,0
DA:18,0
DA:19,0
LF:9
LH:6
end_of_record
SF:lib/features/home/data/datasources/api_dataSource/api_data_source.dart
DA:18,2
DA:21,6
DA:22,0
DA:23,0
DA:24,0
DA:25,1
DA:26,3
DA:30,1
DA:33,3
DA:34,0
DA:35,0
DA:36,0
DA:38,0
DA:39,1
DA:40,3
DA:44,0
DA:47,0
DA:48,0
DA:49,0
DA:50,0
DA:54,0
DA:59,0
DA:60,0
DA:61,0
DA:62,0
DA:63,0
DA:64,0
LF:27
LH:8
end_of_record
SF:lib/features/home/data/models/category_model.dart
DA:6,0
DA:8,0
DA:9,0
DA:10,0
LF:4
LH:0
end_of_record
SF:lib/features/home/data/models/product_model.dart
DA:4,0
DA:14,0
DA:15,0
DA:16,0
DA:17,0
DA:18,0
DA:19,0
DA:20,0
DA:21,0
DA:22,0
DA:23,0
DA:24,0
DA:30,0
DA:31,0
DA:32,0
DA:33,0
DA:34,0
DA:35,0
DA:36,0
DA:37,0
DA:38,0
DA:39,0
DA:40,0
LF:23
LH:0
end_of_record
SF:lib/service_locator.dart
DA:13,15
DA:14,2
DA:16,4
DA:17,2
DA:19,4
DA:22,4
DA:23,2
DA:25,6
DA:27,4
DA:28,2
DA:30,6
DA:32,4
DA:33,2
DA:35,6
DA:37,4
DA:38,2
DA:40,4
DA:41,2
DA:44,4
DA:45,2
DA:47,4
DA:48,4
DA:52,4
DA:53,2
DA:55,6
DA:58,4
DA:59,2
DA:61,6
LF:28
LH:28
end_of_record
SF:lib/features/home/domain/entities/category_entity.dart
DA:5,0
LF:1
LH:0
end_of_record
SF:lib/features/home/domain/entities/product_entity.dart
DA:12,0
DA:22,0
DA:24,0
DA:31,0
DA:36,0
DA:37,0
LF:6
LH:0
end_of_record
SF:lib/features/home/data/repositories/product_repository_impl.dart
DA:9,2
DA:11,6
DA:14,1
DA:16,3
DA:19,0
DA:21,0
DA:24,0
DA:27,0
LF:8
LH:4
end_of_record
SF:lib/features/home/domain/usecases/get_all_category_usecase.dart
DA:10,1
DA:12,3
LF:2
LH:2
end_of_record
SF:lib/features/home/domain/usecases/get_all_product_usecase.dart
DA:9,2
DA:11,6
LF:2
LH:2
end_of_record
SF:lib/features/home/domain/usecases/get_product_by_category_usecase.dart
DA:9,0
DA:11,0
LF:2
LH:0
end_of_record
SF:lib/features/home/domain/usecases/get_product_usecase.dart
DA:10,0
DA:12,0
LF:2
LH:0
end_of_record
SF:lib/features/home/presentation/bloc/bottomNav/bottom_nav_state.dart
DA:4,0
DA:6,0
DA:7,0
LF:3
LH:0
end_of_record
SF:lib/features/home/presentation/bloc/bottomNav/bottom_nav_cubit.dart
DA:7,2
DA:9,1
DA:10,1
LF:3
LH:3
end_of_record
SF:lib/features/home/presentation/bloc/category/category_state.dart
DA:4,2
DA:8,1
DA:9,1
DA:13,2
DA:14,2
DA:20,0
DA:21,0
DA:23,0
DA:28,1
DA:29,2
DA:31,1
LF:11
LH:8
end_of_record
SF:lib/features/home/presentation/bloc/category/category_event.dart
DA:4,2
DA:8,1
DA:9,1
LF:3
LH:3
end_of_record
SF:lib/features/home/presentation/bloc/category/category_bloc.dart
DA:13,6
DA:14,4
DA:15,4
DA:16,5
DA:17,4
LF:5
LH:5
end_of_record
SF:lib/features/home/presentation/bloc/home_event.dart
DA:4,3
DA:6,1
DA:7,1
DA:15,2
DA:17,1
DA:18,2
LF:6
LH:6
end_of_record
SF:lib/features/home/presentation/bloc/home_state.dart
DA:4,2
DA:6,2
DA:7,2
DA:11,1
DA:12,1
DA:19,0
DA:21,0
DA:22,0
DA:27,1
DA:29,1
DA:30,2
DA:35,2
DA:37,2
DA:38,4
LF:14
LH:11
end_of_record
SF:lib/features/home/presentation/bloc/home_bloc.dart
DA:13,6
DA:14,4
DA:15,4
DA:16,6
DA:17,5
DA:18,0
DA:19,0
DA:22,2
DA:23,2
DA:24,4
DA:25,4
DA:26,0
DA:27,0
DA:28,0
DA:29,2
DA:30,4
DA:32,0
LF:17
LH:11
end_of_record
SF:lib/features/home/presentation/bloc/productDetail/product_detail_state.dart
DA:4,1
DA:8,0
DA:9,0
DA:12,1
DA:13,1
DA:19,0
DA:20,0
DA:22,0
DA:26,0
DA:27,0
DA:29,0
LF:11
LH:3
end_of_record
SF:lib/features/home/presentation/bloc/productDetail/product_detail_event.dart
DA:4,1
DA:9,0
DA:10,0
DA:12,1
LF:4
LH:2
end_of_record
SF:lib/features/home/presentation/bloc/productDetail/product_detail_bloc.dart
DA:13,3
DA:14,2
DA:15,2
DA:16,2
DA:17,0
LF:5
LH:4
end_of_record
SF:lib/features/home/presentation/widgets/product_card.dart
DA:8,0
DA:12,0
DA:14,0
DA:16,0
DA:17,0
DA:18,0
DA:19,0
DA:20,0
DA:24,0
DA:25,0
DA:27,0
DA:30,0
DA:31,0
DA:32,0
DA:35,0
DA:36,0
LF:16
LH:0
end_of_record
SF:lib/features/home/presentation/pages/productPage.dart
DA:12,5
DA:14,1
DA:15,1
DA:19,1
DA:21,1
DA:22,1
DA:24,4
DA:28,1
DA:29,1
DA:31,1
DA:33,3
DA:35,1
DA:36,1
DA:37,1
DA:38,1
DA:39,1
DA:41,1
DA:43,1
DA:44,2
DA:57,1
DA:59,3
DA:62,1
DA:65,1
DA:70,1
DA:71,1
DA:72,2
DA:73,1
DA:74,1
DA:76,1
DA:77,0
DA:79,0
DA:80,0
DA:82,0
DA:83,0
DA:84,0
DA:88,0
DA:92,0
DA:93,0
DA:94,0
DA:100,1
DA:101,1
DA:102,2
DA:112,1
DA:113,2
DA:114,1
DA:118,1
DA:119,0
DA:120,0
DA:128,0
DA:129,0
DA:130,0
DA:132,0
DA:133,0
DA:134,0
DA:140,1
DA:141,0
DA:142,0
DA:143,0
DA:144,0
DA:145,0
DA:146,0
DA:147,0
DA:148,0
DA:149,0
DA:158,0
DA:159,0
DA:160,0
DA:169,1
LF:68
LH:38
end_of_record
SF:lib/features/home/presentation/widgets/bottom_navigation_bar.dart
DA:7,6
DA:11,1
DA:13,1
DA:14,2
DA:15,1
DA:16,1
DA:18,1
DA:19,2
LF:8
LH:8
end_of_record
SF:lib/features/home/presentation/widgets/category_loading.dart
DA:5,5
DA:7,0
DA:9,0
DA:12,0
DA:14,0
DA:15,0
DA:19,0
DA:20,0
LF:8
LH:1
end_of_record
SF:lib/features/home/presentation/widgets/rating_bar.dart
DA:4,0
DA:5,0
DA:12,0
DA:17,0
LF:4
LH:0
end_of_record
SF:lib/main.dart
DA:13,1
DA:14,1
DA:15,1
DA:16,1
DA:17,1
DA:21,5
DA:22,1
DA:24,1
DA:25,1
DA:26,1
DA:27,2
DA:29,3
DA:30,1
DA:31,4
DA:33,1
DA:34,4
DA:37,1
DA:38,1
DA:39,1
DA:42,2
LF:20
LH:20
end_of_record
